# JRE version: OpenJDK Runtime Environment Temurin-21.0.6+7 (21.0.6+7) (build 21.0.6+7-LTS)
# Java VM: OpenJDK 64-Bit Server VM Temurin-21.0.6+7 (21.0.6+7-LTS, mixed mode, sharing, tiered, compressed oops, compressed class ptrs, parallel gc, windows-amd64)
GC Precious Log:
 CardTable entry size: 512
 CPUs: 12 total, 12 available
 Memory: 15507M
 Large Page Support: Disabled
 NUMA Support: Disabled
 Compressed Oops: Enabled (32-bit)
 Alignments: Space 512K, Generation 512K, Heap 2M
 Heap Min Capacity: 100M
 Heap Initial Capacity: 100M
 Heap Max Capacity: 1G
 Pre-touch: Disabled
 Parallel Workers: 10
Heap:
 PSYoungGen      total 209920K, used 161953K [0x00000000eab00000, 0x00000000fb300000, 0x0000000100000000)
  eden space 153088K, 68% used [0x00000000eab00000,0x00000000f11ad290,0x00000000f4080000)
  from space 56832K, 99% used [0x00000000f4080000,0x00000000f77fb3a8,0x00000000f7800000)
  to   space 54784K, 0% used [0x00000000f7800000,0x00000000f7800000,0x00000000fad80000)
 ParOldGen       total 614400K, used 614325K [0x00000000c0000000, 0x00000000e5800000, 0x00000000eab00000)
  object space 614400K, 99% used [0x00000000c0000000,0x00000000e57ed770,0x00000000e5800000)
 Metaspace       used 99193K, committed 101568K, reserved 1179648K
  class space    used 12104K, committed 13184K, reserved 1048576K
GC Heap History (20 events):
Event: 355.551 GC heap before
{Heap before GC invocations=12937 (full 20):
 PSYoungGen      total 150016K, used 148256K [0x00000000eab00000, 0x00000000f4080000, 0x0000000100000000)
  eden space 147968K, 100% used [0x00000000eab00000,0x00000000f3b80000,0x00000000f3b80000)
  from space 2048K, 14% used [0x00000000f3c80000,0x00000000f3cc8000,0x00000000f3e80000)
  to   space 1024K, 0% used [0x00000000f3f80000,0x00000000f3f80000,0x00000000f4080000)
 ParOldGen       total 535552K, used 531889K [0x00000000c0000000, 0x00000000e0b00000, 0x00000000eab00000)
  object space 535552K, 99% used [0x00000000c0000000,0x00000000e076c6b0,0x00000000e0b00000)
 Metaspace       used 99069K, committed 101568K, reserved 1179648K
  class space    used 12086K, committed 13184K, reserved 1048576K
}
Event: 355.552 GC heap after
{Heap after GC invocations=12937 (full 20):
 PSYoungGen      total 152576K, used 288K [0x00000000eab00000, 0x00000000f4380000, 0x0000000100000000)
  eden space 151552K, 0% used [0x00000000eab00000,0x00000000eab00000,0x00000000f3f00000)
  from space 1024K, 28% used [0x00000000f3f80000,0x00000000f3fc8000,0x00000000f4080000)
  to   space 512K, 0% used [0x00000000f3f00000,0x00000000f3f00000,0x00000000f3f80000)
 ParOldGen       total 535552K, used 531889K [0x00000000c0000000, 0x00000000e0b00000, 0x00000000eab00000)
  object space 535552K, 99% used [0x00000000c0000000,0x00000000e076c6b0,0x00000000e0b00000)
 Metaspace       used 99069K, committed 101568K, reserved 1179648K
  class space    used 12086K, committed 13184K, reserved 1048576K
}
Event: 355.731 GC heap before
{Heap before GC invocations=12938 (full 20):
 PSYoungGen      total 152576K, used 151840K [0x00000000eab00000, 0x00000000f4380000, 0x0000000100000000)
  eden space 151552K, 100% used [0x00000000eab00000,0x00000000f3f00000,0x00000000f3f00000)
  from space 1024K, 28% used [0x00000000f3f80000,0x00000000f3fc8000,0x00000000f4080000)
  to   space 512K, 0% used [0x00000000f3f00000,0x00000000f3f00000,0x00000000f3f80000)
 ParOldGen       total 535552K, used 531889K [0x00000000c0000000, 0x00000000e0b00000, 0x00000000eab00000)
  object space 535552K, 99% used [0x00000000c0000000,0x00000000e076c6b0,0x00000000e0b00000)
 Metaspace       used 99069K, committed 101568K, reserved 1179648K
  class space    used 12086K, committed 13184K, reserved 1048576K
}
Event: 355.732 GC heap after
{Heap after GC invocations=12938 (full 20):
 PSYoungGen      total 152064K, used 288K [0x00000000eab00000, 0x00000000f4600000, 0x0000000100000000)
  eden space 151552K, 0% used [0x00000000eab00000,0x00000000eab00000,0x00000000f3f00000)
  from space 512K, 56% used [0x00000000f3f00000,0x00000000f3f48000,0x00000000f3f80000)
  to   space 512K, 0% used [0x00000000f4580000,0x00000000f4580000,0x00000000f4600000)
 ParOldGen       total 535552K, used 531889K [0x00000000c0000000, 0x00000000e0b00000, 0x00000000eab00000)
  object space 535552K, 99% used [0x00000000c0000000,0x00000000e076c6b0,0x00000000e0b00000)
 Metaspace       used 99069K, committed 101568K, reserved 1179648K
  class space    used 12086K, committed 13184K, reserved 1048576K
}
Event: 356.006 GC heap before
{Heap before GC invocations=12939 (full 20):
 PSYoungGen      total 152064K, used 151840K [0x00000000eab00000, 0x00000000f4600000, 0x0000000100000000)
  eden space 151552K, 100% used [0x00000000eab00000,0x00000000f3f00000,0x00000000f3f00000)
  from space 512K, 56% used [0x00000000f3f00000,0x00000000f3f48000,0x00000000f3f80000)
  to   space 512K, 0% used [0x00000000f4580000,0x00000000f4580000,0x00000000f4600000)
 ParOldGen       total 535552K, used 531889K [0x00000000c0000000, 0x00000000e0b00000, 0x00000000eab00000)
  object space 535552K, 99% used [0x00000000c0000000,0x00000000e076c6b0,0x00000000e0b00000)
 Metaspace       used 99069K, committed 101568K, reserved 1179648K
  class space    used 12086K, committed 13184K, reserved 1048576K
}
Event: 356.006 GC heap after
{Heap after GC invocations=12939 (full 20):
 PSYoungGen      total 157184K, used 256K [0x00000000eab00000, 0x00000000f4600000, 0x0000000100000000)
  eden space 156672K, 0% used [0x00000000eab00000,0x00000000eab00000,0x00000000f4400000)
  from space 512K, 50% used [0x00000000f4580000,0x00000000f45c0000,0x00000000f4600000)
  to   space 512K, 0% used [0x00000000f4500000,0x00000000f4500000,0x00000000f4580000)
 ParOldGen       total 535552K, used 531889K [0x00000000c0000000, 0x00000000e0b00000, 0x00000000eab00000)
  object space 535552K, 99% used [0x00000000c0000000,0x00000000e076c6b0,0x00000000e0b00000)
 Metaspace       used 99069K, committed 101568K, reserved 1179648K
  class space    used 12086K, committed 13184K, reserved 1048576K
}
Event: 356.281 GC heap before
{Heap before GC invocations=12940 (full 20):
 PSYoungGen      total 157184K, used 156928K [0x00000000eab00000, 0x00000000f4600000, 0x0000000100000000)
  eden space 156672K, 100% used [0x00000000eab00000,0x00000000f4400000,0x00000000f4400000)
  from space 512K, 50% used [0x00000000f4580000,0x00000000f45c0000,0x00000000f4600000)
  to   space 512K, 0% used [0x00000000f4500000,0x00000000f4500000,0x00000000f4580000)
 ParOldGen       total 535552K, used 531889K [0x00000000c0000000, 0x00000000e0b00000, 0x00000000eab00000)
  object space 535552K, 99% used [0x00000000c0000000,0x00000000e076c6b0,0x00000000e0b00000)
 Metaspace       used 99069K, committed 101568K, reserved 1179648K
  class space    used 12086K, committed 13184K, reserved 1048576K
}
Event: 356.281 GC heap after
{Heap after GC invocations=12940 (full 20):
 PSYoungGen      total 158208K, used 256K [0x00000000eab00000, 0x00000000f4900000, 0x0000000100000000)
  eden space 157696K, 0% used [0x00000000eab00000,0x00000000eab00000,0x00000000f4500000)
  from space 512K, 50% used [0x00000000f4500000,0x00000000f4540000,0x00000000f4580000)
  to   space 512K, 0% used [0x00000000f4880000,0x00000000f4880000,0x00000000f4900000)
 ParOldGen       total 535552K, used 531889K [0x00000000c0000000, 0x00000000e0b00000, 0x00000000eab00000)
  object space 535552K, 99% used [0x00000000c0000000,0x00000000e076c6b0,0x00000000e0b00000)
 Metaspace       used 99069K, committed 101568K, reserved 1179648K
  class space    used 12086K, committed 13184K, reserved 1048576K
}
Event: 356.770 GC heap before
{Heap before GC invocations=12941 (full 20):
 PSYoungGen      total 158208K, used 157952K [0x00000000eab00000, 0x00000000f4900000, 0x0000000100000000)
  eden space 157696K, 100% used [0x00000000eab00000,0x00000000f4500000,0x00000000f4500000)
  from space 512K, 50% used [0x00000000f4500000,0x00000000f4540000,0x00000000f4580000)
  to   space 512K, 0% used [0x00000000f4880000,0x00000000f4880000,0x00000000f4900000)
 ParOldGen       total 535552K, used 531889K [0x00000000c0000000, 0x00000000e0b00000, 0x00000000eab00000)
  object space 535552K, 99% used [0x00000000c0000000,0x00000000e076c6b0,0x00000000e0b00000)
 Metaspace       used 99140K, committed 101568K, reserved 1179648K
  class space    used 12100K, committed 13184K, reserved 1048576K
}
Event: 356.772 GC heap after
{Heap after GC invocations=12941 (full 20):
 PSYoungGen      total 153600K, used 512K [0x00000000eab00000, 0x00000000f5880000, 0x0000000100000000)
  eden space 153088K, 0% used [0x00000000eab00000,0x00000000eab00000,0x00000000f4080000)
  from space 512K, 100% used [0x00000000f4880000,0x00000000f4900000,0x00000000f4900000)
  to   space 8192K, 0% used [0x00000000f4080000,0x00000000f4080000,0x00000000f4880000)
 ParOldGen       total 538624K, used 538295K [0x00000000c0000000, 0x00000000e0e00000, 0x00000000eab00000)
  object space 538624K, 99% used [0x00000000c0000000,0x00000000e0dadcc0,0x00000000e0e00000)
 Metaspace       used 99140K, committed 101568K, reserved 1179648K
  class space    used 12100K, committed 13184K, reserved 1048576K
}
Event: 356.932 GC heap before
{Heap before GC invocations=12942 (full 20):
 PSYoungGen      total 153600K, used 153600K [0x00000000eab00000, 0x00000000f5880000, 0x0000000100000000)
  eden space 153088K, 100% used [0x00000000eab00000,0x00000000f4080000,0x00000000f4080000)
  from space 512K, 100% used [0x00000000f4880000,0x00000000f4900000,0x00000000f4900000)
  to   space 8192K, 0% used [0x00000000f4080000,0x00000000f4080000,0x00000000f4880000)
 ParOldGen       total 538624K, used 538295K [0x00000000c0000000, 0x00000000e0e00000, 0x00000000eab00000)
  object space 538624K, 99% used [0x00000000c0000000,0x00000000e0dadcc0,0x00000000e0e00000)
 Metaspace       used 99140K, committed 101568K, reserved 1179648K
  class space    used 12100K, committed 13184K, reserved 1048576K
}
Event: 356.939 GC heap after
{Heap after GC invocations=12942 (full 20):
 PSYoungGen      total 161280K, used 8172K [0x00000000eab00000, 0x00000000f7900000, 0x0000000100000000)
  eden space 153088K, 0% used [0x00000000eab00000,0x00000000eab00000,0x00000000f4080000)
  from space 8192K, 99% used [0x00000000f4080000,0x00000000f487b018,0x00000000f4880000)
  to   space 27136K, 0% used [0x00000000f5e80000,0x00000000f5e80000,0x00000000f7900000)
 ParOldGen       total 553984K, used 553768K [0x00000000c0000000, 0x00000000e1d00000, 0x00000000eab00000)
  object space 553984K, 99% used [0x00000000c0000000,0x00000000e1cca0d0,0x00000000e1d00000)
 Metaspace       used 99140K, committed 101568K, reserved 1179648K
  class space    used 12100K, committed 13184K, reserved 1048576K
}
Event: 357.102 GC heap before
{Heap before GC invocations=12943 (full 20):
 PSYoungGen      total 161280K, used 161260K [0x00000000eab00000, 0x00000000f7900000, 0x0000000100000000)
  eden space 153088K, 100% used [0x00000000eab00000,0x00000000f4080000,0x00000000f4080000)
  from space 8192K, 99% used [0x00000000f4080000,0x00000000f487b018,0x00000000f4880000)
  to   space 27136K, 0% used [0x00000000f5e80000,0x00000000f5e80000,0x00000000f7900000)
 ParOldGen       total 553984K, used 553768K [0x00000000c0000000, 0x00000000e1d00000, 0x00000000eab00000)
  object space 553984K, 99% used [0x00000000c0000000,0x00000000e1cca0d0,0x00000000e1d00000)
 Metaspace       used 99140K, committed 101568K, reserved 1179648K
  class space    used 12100K, committed 13184K, reserved 1048576K
}
Event: 357.111 GC heap after
{Heap after GC invocations=12943 (full 20):
 PSYoungGen      total 177152K, used 27128K [0x00000000eab00000, 0x00000000f8700000, 0x0000000100000000)
  eden space 150016K, 0% used [0x00000000eab00000,0x00000000eab00000,0x00000000f3d80000)
  from space 27136K, 99% used [0x00000000f5e80000,0x00000000f78fe018,0x00000000f7900000)
  to   space 33792K, 0% used [0x00000000f3d80000,0x00000000f3d80000,0x00000000f5e80000)
 ParOldGen       total 558592K, used 558260K [0x00000000c0000000, 0x00000000e2180000, 0x00000000eab00000)
  object space 558592K, 99% used [0x00000000c0000000,0x00000000e212d2d8,0x00000000e2180000)
 Metaspace       used 99140K, committed 101568K, reserved 1179648K
  class space    used 12100K, committed 13184K, reserved 1048576K
}
Event: 357.284 GC heap before
{Heap before GC invocations=12944 (full 20):
 PSYoungGen      total 177152K, used 177144K [0x00000000eab00000, 0x00000000f8700000, 0x0000000100000000)
  eden space 150016K, 100% used [0x00000000eab00000,0x00000000f3d80000,0x00000000f3d80000)
  from space 27136K, 99% used [0x00000000f5e80000,0x00000000f78fe018,0x00000000f7900000)
  to   space 33792K, 0% used [0x00000000f3d80000,0x00000000f3d80000,0x00000000f5e80000)
 ParOldGen       total 558592K, used 558260K [0x00000000c0000000, 0x00000000e2180000, 0x00000000eab00000)
  object space 558592K, 99% used [0x00000000c0000000,0x00000000e212d2d8,0x00000000e2180000)
 Metaspace       used 99140K, committed 101568K, reserved 1179648K
  class space    used 12100K, committed 13184K, reserved 1048576K
}
Event: 357.297 GC heap after
{Heap after GC invocations=12944 (full 20):
 PSYoungGen      total 183808K, used 33784K [0x00000000eab00000, 0x00000000fad80000, 0x0000000100000000)
  eden space 150016K, 0% used [0x00000000eab00000,0x00000000eab00000,0x00000000f3d80000)
  from space 33792K, 99% used [0x00000000f3d80000,0x00000000f5e7e018,0x00000000f5e80000)
  to   space 54784K, 0% used [0x00000000f7800000,0x00000000f7800000,0x00000000fad80000)
 ParOldGen       total 575488K, used 575263K [0x00000000c0000000, 0x00000000e3200000, 0x00000000eab00000)
  object space 575488K, 99% used [0x00000000c0000000,0x00000000e31c7f00,0x00000000e3200000)
 Metaspace       used 99140K, committed 101568K, reserved 1179648K
  class space    used 12100K, committed 13184K, reserved 1048576K
}
Event: 357.444 GC heap before
{Heap before GC invocations=12945 (full 20):
 PSYoungGen      total 183808K, used 183800K [0x00000000eab00000, 0x00000000fad80000, 0x0000000100000000)
  eden space 150016K, 100% used [0x00000000eab00000,0x00000000f3d80000,0x00000000f3d80000)
  from space 33792K, 99% used [0x00000000f3d80000,0x00000000f5e7e018,0x00000000f5e80000)
  to   space 54784K, 0% used [0x00000000f7800000,0x00000000f7800000,0x00000000fad80000)
 ParOldGen       total 575488K, used 575263K [0x00000000c0000000, 0x00000000e3200000, 0x00000000eab00000)
  object space 575488K, 99% used [0x00000000c0000000,0x00000000e31c7f00,0x00000000e3200000)
 Metaspace       used 99140K, committed 101568K, reserved 1179648K
  class space    used 12100K, committed 13184K, reserved 1048576K
}
Event: 357.461 GC heap after
{Heap after GC invocations=12945 (full 20):
 PSYoungGen      total 207872K, used 54768K [0x00000000eab00000, 0x00000000fb300000, 0x0000000100000000)
  eden space 153088K, 0% used [0x00000000eab00000,0x00000000eab00000,0x00000000f4080000)
  from space 54784K, 99% used [0x00000000f7800000,0x00000000fad7c018,0x00000000fad80000)
  to   space 56832K, 0% used [0x00000000f4080000,0x00000000f4080000,0x00000000f7800000)
 ParOldGen       total 576000K, used 575631K [0x00000000c0000000, 0x00000000e3280000, 0x00000000eab00000)
  object space 576000K, 99% used [0x00000000c0000000,0x00000000e3223f00,0x00000000e3280000)
 Metaspace       used 99140K, committed 101568K, reserved 1179648K
  class space    used 12100K, committed 13184K, reserved 1048576K
}
Event: 357.767 GC heap before
{Heap before GC invocations=12946 (full 20):
 PSYoungGen      total 207872K, used 207256K [0x00000000eab00000, 0x00000000fb300000, 0x0000000100000000)
  eden space 153088K, 99% used [0x00000000eab00000,0x00000000f3fea3d0,0x00000000f4080000)
  from space 54784K, 99% used [0x00000000f7800000,0x00000000fad7c018,0x00000000fad80000)
  to   space 56832K, 0% used [0x00000000f4080000,0x00000000f4080000,0x00000000f7800000)
 ParOldGen       total 576000K, used 575631K [0x00000000c0000000, 0x00000000e3280000, 0x00000000eab00000)
  object space 576000K, 99% used [0x00000000c0000000,0x00000000e3223f00,0x00000000e3280000)
 Metaspace       used 99140K, committed 101568K, reserved 1179648K
  class space    used 12100K, committed 13184K, reserved 1048576K
}
Event: 359.790 GC heap after
{Heap after GC invocations=12946 (full 20):
 PSYoungGen      total 209920K, used 56812K [0x00000000eab00000, 0x00000000fb300000, 0x0000000100000000)
  eden space 153088K, 0% used [0x00000000eab00000,0x00000000eab00000,0x00000000f4080000)
  from space 56832K, 99% used [0x00000000f4080000,0x00000000f77fb3a8,0x00000000f7800000)
  to   space 54784K, 0% used [0x00000000f7800000,0x00000000f7800000,0x00000000fad80000)
 ParOldGen       total 614400K, used 614325K [0x00000000c0000000, 0x00000000e5800000, 0x00000000eab00000)
  object space 614400K, 99% used [0x00000000c0000000,0x00000000e57ed770,0x00000000e5800000)
 Metaspace       used 99140K, committed 101568K, reserved 1179648K
  class space    used 12100K, committed 13184K, reserved 1048576K
}

